{
  "RSpec": {
    "coverage": {
      "/Users/3f/repos/data_importer/spec/models/purchase_spec.rb": [
        1,
        null,
        1,
        1,
        null
      ],
      "/Users/3f/repos/data_importer/spec/rails_helper.rb": [
        null,
        1,
        1,
        1,
        null,
        1,
        1,
        null,
        null,
        null,
        null,
        null,
        null,
        null,
        null,
        null,
        null,
        null,
        null,
        null,
        null,
        null,
        null,
        null,
        null,
        null,
        1,
        null,
        1,
        null,
        1,
        null,
        null,
        null,
        null,
        1,
        null,
        null,
        null,
        null,
        null,
        null,
        null,
        null,
        null,
        null,
        null,
        null,
        null,
        null,
        1,
        null,
        null,
        1,
        null,
        null,
        null,
        null,
        1,
        1,
        1,
        1,
        null,
        null
      ],
      "/Users/3f/repos/data_importer/app/helpers/application_helper.rb": [
        1,
        null
      ],
      "/Users/3f/repos/data_importer/app/models/purchase.rb": [
        1,
        1,
        null
      ],
      "/Users/3f/repos/data_importer/spec/models/user_spec.rb": [
        1,
        null,
        1,
        1,
        null
      ]
    },
    "timestamp": 1510576005
  }
}
